<?xml version="1.0" encoding="UTF-8"?>
<coverage generated="1764315039662" clover="3.2.0">
  <project timestamp="1764315039662" name="All files">
    <metrics statements="54" coveredstatements="43" conditionals="28" coveredconditionals="25" methods="28" coveredmethods="19" elements="110" coveredelements="87" complexity="0" loc="54" ncloc="54" packages="1" files="1" classes="1"/>
    <file name="PictotapFacade.ts" path="C:\Users\RENATO\Documents\GitHub\Trabajo_SoftII\backend\src\services\PictotapFacade.ts">
      <metrics statements="54" coveredstatements="43" conditionals="28" coveredconditionals="25" methods="28" coveredmethods="19"/>
      <line num="14" count="21" type="stmt"/>
      <line num="16" count="80" type="stmt"/>
      <line num="17" count="80" type="stmt"/>
      <line num="18" count="80" type="stmt"/>
      <line num="19" count="80" type="stmt"/>
      <line num="20" count="80" type="stmt"/>
      <line num="21" count="80" type="stmt"/>
      <line num="25" count="4" type="stmt"/>
      <line num="28" count="7" type="stmt"/>
      <line num="29" count="7" type="cond" truecount="2" falsecount="0"/>
      <line num="30" count="4" type="stmt"/>
      <line num="34" count="11" type="cond" truecount="4" falsecount="0"/>
      <line num="35" count="6" type="stmt"/>
      <line num="44" count="0" type="stmt"/>
      <line num="47" count="3" type="stmt"/>
      <line num="48" count="2" type="stmt"/>
      <line num="49" count="2" type="stmt"/>
      <line num="50" count="2" type="stmt"/>
      <line num="54" count="5" type="stmt"/>
      <line num="57" count="4" type="stmt"/>
      <line num="58" count="4" type="cond" truecount="2" falsecount="0"/>
      <line num="59" count="2" type="stmt"/>
      <line num="63" count="12" type="cond" truecount="2" falsecount="0"/>
      <line num="64" count="6" type="cond" truecount="2" falsecount="0"/>
      <line num="65" count="6" type="stmt"/>
      <line num="72" count="0" type="stmt"/>
      <line num="75" count="4" type="stmt"/>
      <line num="76" count="4" type="cond" truecount="2" falsecount="0"/>
      <line num="77" count="2" type="stmt"/>
      <line num="78" count="2" type="stmt"/>
      <line num="80" count="4" type="stmt"/>
      <line num="81" count="4" type="stmt"/>
      <line num="86" count="8" type="stmt"/>
      <line num="90" count="8" type="stmt"/>
      <line num="93" count="5" type="stmt"/>
      <line num="96" count="0" type="stmt"/>
      <line num="98" count="0" type="stmt"/>
      <line num="99" count="0" type="cond" truecount="0" falsecount="2"/>
      <line num="101" count="0" type="stmt"/>
      <line num="102" count="0" type="stmt"/>
      <line num="104" count="0" type="stmt"/>
      <line num="105" count="0" type="stmt"/>
      <line num="109" count="2" type="stmt"/>
      <line num="111" count="1" type="stmt"/>
      <line num="112" count="1" type="cond" truecount="1" falsecount="1"/>
      <line num="116" count="7" type="cond" truecount="2" falsecount="0"/>
      <line num="118" count="3" type="stmt"/>
      <line num="121" count="0" type="stmt"/>
      <line num="124" count="4" type="stmt"/>
      <line num="125" count="4" type="stmt"/>
      <line num="130" count="3" type="stmt"/>
      <line num="134" count="4" type="stmt"/>
      <line num="137" count="0" type="stmt"/>
      <line num="140" count="1" type="stmt"/>
    </file>
  </project>
</coverage>
