{"C:\\Users\\RENATO\\Documents\\GitHub\\Trabajo_SoftII\\backend\\src\\services\\PictotapFacade.ts": {"path":"C:\\Users\\RENATO\\Documents\\GitHub\\Trabajo_SoftII\\backend\\src\\services\\PictotapFacade.ts","statementMap":{"0":{"start":{"line":16,"column":12},"end":{"line":16,"column":33}},"1":{"start":{"line":17,"column":12},"end":{"line":17,"column":27}},"2":{"start":{"line":18,"column":12},"end":{"line":18,"column":40}},"3":{"start":{"line":19,"column":12},"end":{"line":19,"column":27}},"4":{"start":{"line":20,"column":12},"end":{"line":20,"column":34}},"5":{"start":{"line":21,"column":12},"end":{"line":21,"column":43}},"6":{"start":{"line":25,"column":47},"end":{"line":25,"column":78}},"7":{"start":{"line":28,"column":14},"end":{"line":28,"column":45}},"8":{"start":{"line":29,"column":4},"end":{"line":29,"column":49}},"9":{"start":{"line":29,"column":12},"end":{"line":29,"column":49}},"10":{"start":{"line":30,"column":4},"end":{"line":30,"column":13}},"11":{"start":{"line":34,"column":4},"end":{"line":34,"column":78}},"12":{"start":{"line":34,"column":41},"end":{"line":34,"column":78}},"13":{"start":{"line":35,"column":4},"end":{"line":41,"column":7}},"14":{"start":{"line":44,"column":69},"end":{"line":44,"column":96}},"15":{"start":{"line":47,"column":4},"end":{"line":47,"column":34}},"16":{"start":{"line":48,"column":4},"end":{"line":48,"column":47}},"17":{"start":{"line":49,"column":4},"end":{"line":49,"column":43}},"18":{"start":{"line":50,"column":4},"end":{"line":50,"column":35}},"19":{"start":{"line":54,"column":41},"end":{"line":54,"column":69}},"20":{"start":{"line":57,"column":14},"end":{"line":57,"column":42}},"21":{"start":{"line":58,"column":4},"end":{"line":58,"column":46}},"22":{"start":{"line":58,"column":12},"end":{"line":58,"column":46}},"23":{"start":{"line":59,"column":4},"end":{"line":59,"column":13}},"24":{"start":{"line":63,"column":4},"end":{"line":63,"column":62}},"25":{"start":{"line":63,"column":23},"end":{"line":63,"column":62}},"26":{"start":{"line":64,"column":23},"end":{"line":64,"column":64}},"27":{"start":{"line":65,"column":4},"end":{"line":69,"column":7}},"28":{"start":{"line":72,"column":63},"end":{"line":72,"column":90}},"29":{"start":{"line":75,"column":18},"end":{"line":75,"column":50}},"30":{"start":{"line":76,"column":4},"end":{"line":79,"column":5}},"31":{"start":{"line":77,"column":8},"end":{"line":77,"column":51}},"32":{"start":{"line":78,"column":8},"end":{"line":78,"column":42}},"33":{"start":{"line":80,"column":4},"end":{"line":80,"column":44}},"34":{"start":{"line":81,"column":4},"end":{"line":81,"column":32}},"35":{"start":{"line":86,"column":4},"end":{"line":86,"column":50}},"36":{"start":{"line":90,"column":4},"end":{"line":90,"column":53}},"37":{"start":{"line":93,"column":26},"end":{"line":93,"column":60}},"38":{"start":{"line":96,"column":41},"end":{"line":96,"column":69}},"39":{"start":{"line":98,"column":16},"end":{"line":98,"column":44}},"40":{"start":{"line":99,"column":6},"end":{"line":99,"column":47}},"41":{"start":{"line":99,"column":13},"end":{"line":99,"column":47}},"42":{"start":{"line":99,"column":48},"end":{"line":99,"column":57}},"43":{"start":{"line":101,"column":52},"end":{"line":101,"column":80}},"44":{"start":{"line":102,"column":63},"end":{"line":102,"column":90}},"45":{"start":{"line":104,"column":6},"end":{"line":104,"column":43}},"46":{"start":{"line":105,"column":6},"end":{"line":105,"column":34}},"47":{"start":{"line":109,"column":53},"end":{"line":109,"column":82}},"48":{"start":{"line":111,"column":14},"end":{"line":111,"column":43}},"49":{"start":{"line":112,"column":4},"end":{"line":112,"column":40}},"50":{"start":{"line":112,"column":11},"end":{"line":112,"column":40}},"51":{"start":{"line":112,"column":41},"end":{"line":112,"column":50}},"52":{"start":{"line":116,"column":4},"end":{"line":116,"column":68}},"53":{"start":{"line":116,"column":30},"end":{"line":116,"column":68}},"54":{"start":{"line":118,"column":4},"end":{"line":118,"column":33}},"55":{"start":{"line":121,"column":75},"end":{"line":121,"column":102}},"56":{"start":{"line":124,"column":6},"end":{"line":124,"column":49}},"57":{"start":{"line":125,"column":6},"end":{"line":125,"column":35}},"58":{"start":{"line":130,"column":4},"end":{"line":130,"column":61}},"59":{"start":{"line":134,"column":4},"end":{"line":134,"column":44}},"60":{"start":{"line":137,"column":74},"end":{"line":137,"column":101}},"61":{"start":{"line":140,"column":5},"end":{"line":140,"column":43}},"62":{"start":{"line":14,"column":0},"end":{"line":14,"column":13}}},"fnMap":{"0":{"name":"(anonymous_0)","decl":{"start":{"line":15,"column":2},"end":{"line":15,"column":null}},"loc":{"start":{"line":21,"column":43},"end":{"line":22,"column":6}}},"1":{"name":"(anonymous_1)","decl":{"start":{"line":25,"column":2},"end":{"line":25,"column":7}},"loc":{"start":{"line":25,"column":22},"end":{"line":25,"column":80}}},"2":{"name":"(anonymous_2)","decl":{"start":{"line":27,"column":2},"end":{"line":27,"column":7}},"loc":{"start":{"line":27,"column":33},"end":{"line":31,"column":3}}},"3":{"name":"(anonymous_3)","decl":{"start":{"line":33,"column":2},"end":{"line":33,"column":7}},"loc":{"start":{"line":33,"column":30},"end":{"line":42,"column":3}}},"4":{"name":"(anonymous_4)","decl":{"start":{"line":44,"column":2},"end":{"line":44,"column":7}},"loc":{"start":{"line":44,"column":47},"end":{"line":44,"column":98}}},"5":{"name":"(anonymous_5)","decl":{"start":{"line":46,"column":2},"end":{"line":46,"column":7}},"loc":{"start":{"line":46,"column":34},"end":{"line":51,"column":3}}},"6":{"name":"(anonymous_6)","decl":{"start":{"line":54,"column":2},"end":{"line":54,"column":7}},"loc":{"start":{"line":54,"column":19},"end":{"line":54,"column":71}}},"7":{"name":"(anonymous_7)","decl":{"start":{"line":56,"column":2},"end":{"line":56,"column":7}},"loc":{"start":{"line":56,"column":30},"end":{"line":60,"column":3}}},"8":{"name":"(anonymous_8)","decl":{"start":{"line":62,"column":2},"end":{"line":62,"column":7}},"loc":{"start":{"line":62,"column":27},"end":{"line":70,"column":3}}},"9":{"name":"(anonymous_9)","decl":{"start":{"line":72,"column":2},"end":{"line":72,"column":7}},"loc":{"start":{"line":72,"column":44},"end":{"line":72,"column":92}}},"10":{"name":"(anonymous_10)","decl":{"start":{"line":74,"column":2},"end":{"line":74,"column":7}},"loc":{"start":{"line":74,"column":31},"end":{"line":82,"column":3}}},"11":{"name":"(anonymous_11)","decl":{"start":{"line":85,"column":2},"end":{"line":85,"column":7}},"loc":{"start":{"line":85,"column":61},"end":{"line":87,"column":3}}},"12":{"name":"(anonymous_12)","decl":{"start":{"line":89,"column":2},"end":{"line":89,"column":7}},"loc":{"start":{"line":89,"column":64},"end":{"line":91,"column":3}}},"13":{"name":"(anonymous_13)","decl":{"start":{"line":93,"column":2},"end":{"line":93,"column":21}},"loc":{"start":{"line":93,"column":21},"end":{"line":93,"column":62}}},"14":{"name":"(anonymous_14)","decl":{"start":{"line":96,"column":2},"end":{"line":96,"column":7}},"loc":{"start":{"line":96,"column":19},"end":{"line":96,"column":71}}},"15":{"name":"(anonymous_15)","decl":{"start":{"line":97,"column":2},"end":{"line":97,"column":7}},"loc":{"start":{"line":97,"column":30},"end":{"line":100,"column":3}}},"16":{"name":"(anonymous_16)","decl":{"start":{"line":101,"column":2},"end":{"line":101,"column":7}},"loc":{"start":{"line":101,"column":33},"end":{"line":101,"column":82}}},"17":{"name":"(anonymous_17)","decl":{"start":{"line":102,"column":2},"end":{"line":102,"column":7}},"loc":{"start":{"line":102,"column":44},"end":{"line":102,"column":92}}},"18":{"name":"(anonymous_18)","decl":{"start":{"line":103,"column":2},"end":{"line":103,"column":7}},"loc":{"start":{"line":103,"column":31},"end":{"line":106,"column":3}}},"19":{"name":"(anonymous_19)","decl":{"start":{"line":109,"column":2},"end":{"line":109,"column":7}},"loc":{"start":{"line":109,"column":25},"end":{"line":109,"column":84}}},"20":{"name":"(anonymous_20)","decl":{"start":{"line":110,"column":2},"end":{"line":110,"column":7}},"loc":{"start":{"line":110,"column":36},"end":{"line":113,"column":3}}},"21":{"name":"(anonymous_21)","decl":{"start":{"line":115,"column":2},"end":{"line":115,"column":7}},"loc":{"start":{"line":115,"column":45},"end":{"line":119,"column":3}}},"22":{"name":"(anonymous_22)","decl":{"start":{"line":121,"column":2},"end":{"line":121,"column":7}},"loc":{"start":{"line":121,"column":50},"end":{"line":121,"column":104}}},"23":{"name":"(anonymous_23)","decl":{"start":{"line":123,"column":2},"end":{"line":123,"column":7}},"loc":{"start":{"line":123,"column":37},"end":{"line":126,"column":3}}},"24":{"name":"(anonymous_24)","decl":{"start":{"line":129,"column":2},"end":{"line":129,"column":7}},"loc":{"start":{"line":129,"column":79},"end":{"line":131,"column":3}}},"25":{"name":"(anonymous_25)","decl":{"start":{"line":133,"column":2},"end":{"line":133,"column":7}},"loc":{"start":{"line":133,"column":37},"end":{"line":135,"column":3}}},"26":{"name":"(anonymous_26)","decl":{"start":{"line":137,"column":2},"end":{"line":137,"column":7}},"loc":{"start":{"line":137,"column":70},"end":{"line":137,"column":103}}},"27":{"name":"(anonymous_27)","decl":{"start":{"line":139,"column":2},"end":{"line":139,"column":7}},"loc":{"start":{"line":139,"column":57},"end":{"line":141,"column":3}}}},"branchMap":{"0":{"loc":{"start":{"line":29,"column":4},"end":{"line":29,"column":49}},"type":"if","locations":[{"start":{"line":29,"column":4},"end":{"line":29,"column":49}},{"start":{},"end":{}}]},"1":{"loc":{"start":{"line":34,"column":4},"end":{"line":34,"column":78}},"type":"if","locations":[{"start":{"line":34,"column":4},"end":{"line":34,"column":78}},{"start":{},"end":{}}]},"2":{"loc":{"start":{"line":34,"column":7},"end":{"line":34,"column":39}},"type":"binary-expr","locations":[{"start":{"line":34,"column":7},"end":{"line":34,"column":19}},{"start":{"line":34,"column":23},"end":{"line":34,"column":39}}]},"3":{"loc":{"start":{"line":37,"column":18},"end":{"line":37,"column":37}},"type":"binary-expr","locations":[{"start":{"line":37,"column":18},"end":{"line":37,"column":31}},{"start":{"line":37,"column":35},"end":{"line":37,"column":37}}]},"4":{"loc":{"start":{"line":38,"column":14},"end":{"line":38,"column":28}},"type":"binary-expr","locations":[{"start":{"line":38,"column":14},"end":{"line":38,"column":23}},{"start":{"line":38,"column":27},"end":{"line":38,"column":28}}]},"5":{"loc":{"start":{"line":39,"column":15},"end":{"line":39,"column":36}},"type":"binary-expr","locations":[{"start":{"line":39,"column":15},"end":{"line":39,"column":24}},{"start":{"line":39,"column":28},"end":{"line":39,"column":36}}]},"6":{"loc":{"start":{"line":58,"column":4},"end":{"line":58,"column":46}},"type":"if","locations":[{"start":{"line":58,"column":4},"end":{"line":58,"column":46}},{"start":{},"end":{}}]},"7":{"loc":{"start":{"line":63,"column":4},"end":{"line":63,"column":62}},"type":"if","locations":[{"start":{"line":63,"column":4},"end":{"line":63,"column":62}},{"start":{},"end":{}}]},"8":{"loc":{"start":{"line":64,"column":23},"end":{"line":64,"column":64}},"type":"binary-expr","locations":[{"start":{"line":64,"column":23},"end":{"line":64,"column":45}},{"start":{"line":64,"column":49},"end":{"line":64,"column":64}}]},"9":{"loc":{"start":{"line":67,"column":15},"end":{"line":67,"column":38}},"type":"binary-expr","locations":[{"start":{"line":67,"column":15},"end":{"line":67,"column":25}},{"start":{"line":67,"column":29},"end":{"line":67,"column":38}}]},"10":{"loc":{"start":{"line":76,"column":4},"end":{"line":79,"column":5}},"type":"if","locations":[{"start":{"line":76,"column":4},"end":{"line":79,"column":5}},{"start":{},"end":{}}]},"11":{"loc":{"start":{"line":99,"column":6},"end":{"line":99,"column":47}},"type":"if","locations":[{"start":{"line":99,"column":6},"end":{"line":99,"column":47}},{"start":{},"end":{}}]},"12":{"loc":{"start":{"line":112,"column":4},"end":{"line":112,"column":40}},"type":"if","locations":[{"start":{"line":112,"column":4},"end":{"line":112,"column":40}},{"start":{},"end":{}}]},"13":{"loc":{"start":{"line":116,"column":4},"end":{"line":116,"column":68}},"type":"if","locations":[{"start":{"line":116,"column":4},"end":{"line":116,"column":68}},{"start":{},"end":{}}]}},"s":{"0":80,"1":80,"2":80,"3":80,"4":80,"5":80,"6":4,"7":7,"8":7,"9":3,"10":4,"11":11,"12":5,"13":6,"14":0,"15":3,"16":2,"17":2,"18":2,"19":5,"20":4,"21":4,"22":2,"23":2,"24":12,"25":6,"26":6,"27":6,"28":0,"29":4,"30":4,"31":2,"32":2,"33":4,"34":4,"35":8,"36":8,"37":5,"38":0,"39":0,"40":0,"41":0,"42":0,"43":0,"44":0,"45":0,"46":0,"47":2,"48":1,"49":1,"50":0,"51":1,"52":7,"53":4,"54":3,"55":0,"56":4,"57":4,"58":3,"59":4,"60":0,"61":1,"62":21},"f":{"0":80,"1":4,"2":7,"3":11,"4":0,"5":3,"6":5,"7":4,"8":12,"9":0,"10":4,"11":8,"12":8,"13":5,"14":0,"15":0,"16":0,"17":0,"18":0,"19":2,"20":1,"21":7,"22":0,"23":4,"24":3,"25":4,"26":0,"27":1},"b":{"0":[3,4],"1":[5,6],"2":[11,8],"3":[6,3],"4":[6,3],"5":[6,3],"6":[2,2],"7":[6,6],"8":[6,4],"9":[6,4],"10":[2,2],"11":[0,0],"12":[0,1],"13":[4,3]}}
}
