TN:
SF:src\services\PictotapFacade.ts
FN:15,(anonymous_0)
FN:25,(anonymous_1)
FN:27,(anonymous_2)
FN:33,(anonymous_3)
FN:44,(anonymous_4)
FN:46,(anonymous_5)
FN:54,(anonymous_6)
FN:56,(anonymous_7)
FN:62,(anonymous_8)
FN:72,(anonymous_9)
FN:74,(anonymous_10)
FN:85,(anonymous_11)
FN:89,(anonymous_12)
FN:93,(anonymous_13)
FN:96,(anonymous_14)
FN:97,(anonymous_15)
FN:101,(anonymous_16)
FN:102,(anonymous_17)
FN:103,(anonymous_18)
FN:109,(anonymous_19)
FN:110,(anonymous_20)
FN:115,(anonymous_21)
FN:121,(anonymous_22)
FN:123,(anonymous_23)
FN:129,(anonymous_24)
FN:133,(anonymous_25)
FN:137,(anonymous_26)
FN:139,(anonymous_27)
FNF:28
FNH:19
FNDA:80,(anonymous_0)
FNDA:4,(anonymous_1)
FNDA:7,(anonymous_2)
FNDA:11,(anonymous_3)
FNDA:0,(anonymous_4)
FNDA:3,(anonymous_5)
FNDA:5,(anonymous_6)
FNDA:4,(anonymous_7)
FNDA:12,(anonymous_8)
FNDA:0,(anonymous_9)
FNDA:4,(anonymous_10)
FNDA:8,(anonymous_11)
FNDA:8,(anonymous_12)
FNDA:5,(anonymous_13)
FNDA:0,(anonymous_14)
FNDA:0,(anonymous_15)
FNDA:0,(anonymous_16)
FNDA:0,(anonymous_17)
FNDA:0,(anonymous_18)
FNDA:2,(anonymous_19)
FNDA:1,(anonymous_20)
FNDA:7,(anonymous_21)
FNDA:0,(anonymous_22)
FNDA:4,(anonymous_23)
FNDA:3,(anonymous_24)
FNDA:4,(anonymous_25)
FNDA:0,(anonymous_26)
FNDA:1,(anonymous_27)
DA:14,21
DA:16,80
DA:17,80
DA:18,80
DA:19,80
DA:20,80
DA:21,80
DA:25,4
DA:28,7
DA:29,7
DA:30,4
DA:34,11
DA:35,6
DA:44,0
DA:47,3
DA:48,2
DA:49,2
DA:50,2
DA:54,5
DA:57,4
DA:58,4
DA:59,2
DA:63,12
DA:64,6
DA:65,6
DA:72,0
DA:75,4
DA:76,4
DA:77,2
DA:78,2
DA:80,4
DA:81,4
DA:86,8
DA:90,8
DA:93,5
DA:96,0
DA:98,0
DA:99,0
DA:101,0
DA:102,0
DA:104,0
DA:105,0
DA:109,2
DA:111,1
DA:112,1
DA:116,7
DA:118,3
DA:121,0
DA:124,4
DA:125,4
DA:130,3
DA:134,4
DA:137,0
DA:140,1
LF:54
LH:43
BRDA:29,0,0,3
BRDA:29,0,1,4
BRDA:34,1,0,5
BRDA:34,1,1,6
BRDA:34,2,0,11
BRDA:34,2,1,8
BRDA:37,3,0,6
BRDA:37,3,1,3
BRDA:38,4,0,6
BRDA:38,4,1,3
BRDA:39,5,0,6
BRDA:39,5,1,3
BRDA:58,6,0,2
BRDA:58,6,1,2
BRDA:63,7,0,6
BRDA:63,7,1,6
BRDA:64,8,0,6
BRDA:64,8,1,4
BRDA:67,9,0,6
BRDA:67,9,1,4
BRDA:76,10,0,2
BRDA:76,10,1,2
BRDA:99,11,0,0
BRDA:99,11,1,0
BRDA:112,12,0,0
BRDA:112,12,1,1
BRDA:116,13,0,4
BRDA:116,13,1,3
BRF:28
BRH:25
end_of_record
